Build started 16/02/2016 18:39:49.
     1>Project "C:\Users\SocksUp\SkyDrive\Modules\Graphics and Audio I\Labs\sfml\StarterProject\SFMLGame\SFMLGame\SFMLGame.vcxproj" on node 2 (Rebuild target(s)).
     1>ClCompile:
         C:\Program Files (x86)\Microsoft Visual Studio 12.0\VC\bin\CL.exe /c /ZI /nologo /W3 /WX- /Od /Oy- /D WIN32 /D _DEBUG /D _CONSOLE /D _LIB /D _UNICODE /D UNICODE /Gm /EHsc /RTC1 /MDd /GS /fp:precise /Zc:wchar_t /Zc:forScope /Fo"Debug\\" /Fd"Debug\vc120.pdb" /Gd /TP /analyze- /errorReport:prompt Character.cpp Game.cpp main.cpp NPC.cpp Player.cpp
         Player.cpp
         NPC.cpp
         main.cpp
         Game.cpp
         Character.cpp
         Generating Code...
       Link:
         C:\Program Files (x86)\Microsoft Visual Studio 12.0\VC\bin\link.exe /ERRORREPORT:PROMPT /OUT:"C:\Users\SocksUp\SkyDrive\Modules\Graphics and Audio I\Labs\sfml\StarterProject\SFMLGame\Debug\SFMLGame.exe" /INCREMENTAL /NOLOGO "sfml-graphics-d.lib" "sfml-audio-d.lib" "sfml-system-d.lib" "sfml-window-d.lib" "sfml-network-d.lib" kernel32.lib user32.lib gdi32.lib winspool.lib comdlg32.lib advapi32.lib shell32.lib ole32.lib oleaut32.lib uuid.lib odbc32.lib odbccp32.lib /MANIFEST /MANIFESTUAC:"level='asInvoker' uiAccess='false'" /manifest:embed /DEBUG /PDB:"C:\Users\SocksUp\SkyDrive\Modules\Graphics and Audio I\Labs\sfml\StarterProject\SFMLGame\Debug\SFMLGame.pdb" /SUBSYSTEM:CONSOLE /TLBID:1 /DYNAMICBASE /NXCOMPAT /IMPLIB:"C:\Users\SocksUp\SkyDrive\Modules\Graphics and Audio I\Labs\sfml\StarterProject\SFMLGame\Debug\SFMLGame.lib" /MACHINE:X86 Debug\Character.obj
         Debug\Game.obj
         Debug\main.obj
         Debug\NPC.obj
         Debug\Player.obj
         SFMLGame.vcxproj -> C:\Users\SocksUp\SkyDrive\Modules\Graphics and Audio I\Labs\sfml\StarterProject\SFMLGame\Debug\SFMLGame.exe
     1>Done Building Project "C:\Users\SocksUp\SkyDrive\Modules\Graphics and Audio I\Labs\sfml\StarterProject\SFMLGame\SFMLGame\SFMLGame.vcxproj" (Rebuild target(s)).

Build succeeded.

Time Elapsed 00:00:08.10
